<?xml version="1.0" encoding="UTF-8"?>
<!-- Generated by org.testng.reporters.JUnitReportReporter -->
<testsuite hostname="DESKTOP-FVL7V1F" failures="0" tests="1" name="TestCases.testCase" time="0.017" errors="0" timestamp="2023-07-01T10:36:13 IST" skipped="0">
  <testcase classname="TestCases.testCase" name="sendmail" time="0.017"/>
</testsuite> <!-- TestCases.testCase -->
